<?xml version="1.0" encoding="UTF-8"?>
<!-- Generated by org.testng.reporters.JUnitXMLReporter -->
<testsuite hostname="DESKTOP-S3OQJFC" name="Test" tests="1" failures="1" timestamp="31 May 2021 03:40:28 GMT" time="0.249" errors="0">
  <testcase name="verifySignInPage" time="0.095" classname="testcases.HomePageTests">
    <failure type="java.lang.NullPointerException">
      <![CDATA[java.lang.NullPointerException
	at org.openqa.selenium.support.pagefactory.DefaultElementLocator.findElement(DefaultElementLocator.java:69)
	at org.openqa.selenium.support.pagefactory.internal.LocatingElementHandler.invoke(LocatingElementHandler.java:38)
	at com.sun.proxy.$Proxy8.isDisplayed(Unknown Source)
	at pageobjects.HomePageObjects.verifySignInLinkOnHomePage(HomePageObjects.java:39)
	at testcases.HomePageTests.verifySignInPage(HomePageTests.java:22)
... Removed 24 stack frames]]>
    </failure>
  </testcase> <!-- verifySignInPage -->
</testsuite> <!-- Test -->
