<?xml version="1.0" encoding="UTF-8"?>
<!-- Generated by org.testng.reporters.JUnitXMLReporter -->
<testsuite hostname="DESKTOP-S3OQJFC" name="Test" tests="1" failures="1" timestamp="31 May 2021 04:28:46 GMT" time="0.075" errors="0">
  <testcase name="verifyContactUsPage" time="0.017" classname="testcases.HomePageTests">
    <failure type="java.lang.NullPointerException">
      <![CDATA[java.lang.NullPointerException
	at org.openqa.selenium.support.pagefactory.DefaultElementLocator.findElement(DefaultElementLocator.java:69)
	at org.openqa.selenium.support.pagefactory.internal.LocatingElementHandler.invoke(LocatingElementHandler.java:38)
	at com.sun.proxy.$Proxy7.isDisplayed(Unknown Source)
	at pageobjects.HomePageObjects.verifyContactUsLink(HomePageObjects.java:28)
	at testcases.HomePageTests.verifyContactUsPage(HomePageTests.java:16)
... Removed 28 stack frames]]>
    </failure>
  </testcase> <!-- verifyContactUsPage -->
</testsuite> <!-- Test -->
