-------------------------------------------------------------------------------
Test set: TestSuite
-------------------------------------------------------------------------------
Tests run: 1, Failures: 1, Errors: 0, Skipped: 0, Time elapsed: 1.769 s <<< FAILURE! - in TestSuite
testcases.HomePageTests.verifyContactUsPage  Time elapsed: 0.047 s  <<< FAILURE!
java.lang.NullPointerException
	at testcases.HomePageTests.verifyContactUsPage(HomePageTests.java:16)

