<?xml version="1.0" encoding="UTF-8"?>
<testsuite xmlns:xsi="http://www.w3.org/2001/XMLSchema-instance" xsi:noNamespaceSchemaLocation="https://maven.apache.org/surefire/maven-surefire-plugin/xsd/surefire-test-report-3.0.xsd" version="3.0" name="TestSuite" time="1.769" tests="1" errors="0" skipped="0" failures="1">
  <properties>
[...]
</properties>
  <testcase name="verifyContactUsPage" classname="testcases.HomePageTests" time="0.047">
    <failure type="java.lang.NullPointerException"><![CDATA[java.lang.NullPointerException
	at testcases.HomePageTests.verifyContactUsPage(HomePageTests.java:16)
]]></failure>
  </testcase>
</testsuite>